  Mage.cpp
  mmorpg.cpp
C:\Users\vasil\source\repos\mmorpg\mmorpg\Mage.cpp(45,13): error C2259: 'Mage': cannot instantiate abstract class
      C:\Users\vasil\source\repos\mmorpg\mmorpg\Mage.h(4,7):
      see declaration of 'Mage'
      C:\Users\vasil\source\repos\mmorpg\mmorpg\Mage.cpp(45,13):
      due to following members:
      C:\Users\vasil\source\repos\mmorpg\mmorpg\Mage.cpp(45,13):
      'void Player::serialize(std::ofstream &) const': is abstract
      C:\Users\vasil\source\repos\mmorpg\mmorpg\Player.h(45,15):
      see declaration of 'Player::serialize'
      C:\Users\vasil\source\repos\mmorpg\mmorpg\Mage.cpp(45,13):
      'void Player::deserialize(std::ifstream &)': is abstract
      C:\Users\vasil\source\repos\mmorpg\mmorpg\Player.h(46,15):
      see declaration of 'Player::deserialize'
  
C:\Users\vasil\source\repos\mmorpg\mmorpg\Mage.cpp(45,17): error C2259: 'Mage': cannot instantiate abstract class
      C:\Users\vasil\source\repos\mmorpg\mmorpg\Mage.h(4,7):
      see declaration of 'Mage'
      C:\Users\vasil\source\repos\mmorpg\mmorpg\Mage.cpp(45,17):
      due to following members:
      C:\Users\vasil\source\repos\mmorpg\mmorpg\Mage.cpp(45,17):
      'void Player::serialize(std::ofstream &) const': is abstract
      C:\Users\vasil\source\repos\mmorpg\mmorpg\Player.h(45,15):
      see declaration of 'Player::serialize'
      C:\Users\vasil\source\repos\mmorpg\mmorpg\Mage.cpp(45,17):
      'void Player::deserialize(std::ifstream &)': is abstract
      C:\Users\vasil\source\repos\mmorpg\mmorpg\Player.h(46,15):
      see declaration of 'Player::deserialize'
  
C:\Users\vasil\source\repos\mmorpg\mmorpg\Mage.cpp(53,21): warning C4244: 'initializing': conversion from 'double' to 'unsigned int', possible loss of data
  Necromancer.cpp
  Player.cpp
  PlayerCollection.cpp
C:\Users\vasil\source\repos\mmorpg\mmorpg\PlayerCollection.cpp(42,25): warning C4101: 'e': unreferenced local variable
C:\Users\vasil\source\repos\mmorpg\mmorpg\PlayerCollection.cpp(64,26): warning C4101: 'e': unreferenced local variable
C:\Users\vasil\source\repos\mmorpg\mmorpg\PlayerCollection.cpp(113,19): warning C4267: 'initializing': conversion from 'size_t' to 'int', possible loss of data
  Warrior.cpp
C:\Users\vasil\source\repos\mmorpg\mmorpg\Warrior.cpp(35,13): error C2259: 'Warrior': cannot instantiate abstract class
      C:\Users\vasil\source\repos\mmorpg\mmorpg\Warrior.h(4,7):
      see declaration of 'Warrior'
      C:\Users\vasil\source\repos\mmorpg\mmorpg\Warrior.cpp(35,13):
      due to following members:
      C:\Users\vasil\source\repos\mmorpg\mmorpg\Warrior.cpp(35,13):
      'void Player::deserialize(std::ifstream &)': is abstract
      C:\Users\vasil\source\repos\mmorpg\mmorpg\PLayer.h(46,15):
      see declaration of 'Player::deserialize'
  
C:\Users\vasil\source\repos\mmorpg\mmorpg\Warrior.cpp(35,20): error C2259: 'Warrior': cannot instantiate abstract class
      C:\Users\vasil\source\repos\mmorpg\mmorpg\Warrior.h(4,7):
      see declaration of 'Warrior'
      C:\Users\vasil\source\repos\mmorpg\mmorpg\Warrior.cpp(35,20):
      due to following members:
      C:\Users\vasil\source\repos\mmorpg\mmorpg\Warrior.cpp(35,20):
      'void Player::deserialize(std::ifstream &)': is abstract
      C:\Users\vasil\source\repos\mmorpg\mmorpg\PLayer.h(46,15):
      see declaration of 'Player::deserialize'
  
  Generating Code...
